十二月 07, 2015 5:54:30 下午 org.apache.catalina.startup.VersionLoggerListener log
信息: Server version:        Apache Tomcat/@VERSION@
十二月 07, 2015 5:54:30 下午 org.apache.catalina.startup.VersionLoggerListener log
信息: Server built:          @VERSION_BUILT@
十二月 07, 2015 5:54:30 下午 org.apache.catalina.startup.VersionLoggerListener log
信息: Server number:         @VERSION_NUMBER@
十二月 07, 2015 5:54:30 下午 org.apache.catalina.startup.VersionLoggerListener log
信息: OS Name:               Windows 7
十二月 07, 2015 5:54:30 下午 org.apache.catalina.startup.VersionLoggerListener log
信息: OS Version:            6.1
十二月 07, 2015 5:54:30 下午 org.apache.catalina.startup.VersionLoggerListener log
信息: Architecture:          amd64
十二月 07, 2015 5:54:30 下午 org.apache.catalina.startup.VersionLoggerListener log
信息: Java Home:             C:\Program Files\Java\jre7
十二月 07, 2015 5:54:30 下午 org.apache.catalina.startup.VersionLoggerListener log
信息: JVM Version:           1.7.0_79-b15
十二月 07, 2015 5:54:30 下午 org.apache.catalina.startup.VersionLoggerListener log
信息: JVM Vendor:            Oracle Corporation
十二月 07, 2015 5:54:30 下午 org.apache.catalina.startup.VersionLoggerListener log
信息: CATALINA_BASE:         E:\tomcat7.0.65\launch
十二月 07, 2015 5:54:30 下午 org.apache.catalina.startup.VersionLoggerListener log
信息: CATALINA_HOME:         E:\tomcat7.0.65\launch
十二月 07, 2015 5:54:30 下午 org.apache.catalina.startup.VersionLoggerListener log
信息: Command line argument: -Dcatalina.home=launch
十二月 07, 2015 5:54:30 下午 org.apache.catalina.startup.VersionLoggerListener log
信息: Command line argument: -Dcatalina.base=launch
十二月 07, 2015 5:54:30 下午 org.apache.catalina.startup.VersionLoggerListener log
信息: Command line argument: -Djava.endorsed.dirs=launch/endorsed
十二月 07, 2015 5:54:30 下午 org.apache.catalina.startup.VersionLoggerListener log
信息: Command line argument: -Djava.io.tmpdir=launch/temp
十二月 07, 2015 5:54:30 下午 org.apache.catalina.startup.VersionLoggerListener log
信息: Command line argument: -Djava.util.logging.manager=org.apache.juli.ClassLoaderLogManager
十二月 07, 2015 5:54:30 下午 org.apache.catalina.startup.VersionLoggerListener log
信息: Command line argument: -Djava.util.logging.config.file=launch/conf/logging.properties
十二月 07, 2015 5:54:30 下午 org.apache.catalina.startup.VersionLoggerListener log
信息: Command line argument: -Dfile.encoding=GBK
十二月 07, 2015 5:54:30 下午 org.apache.catalina.core.AprLifecycleListener lifecycleEvent
信息: The APR based Apache Tomcat Native library which allows optimal performance in production environments was not found on the java.library.path: C:\Program Files\Java\jre7\bin;C:\windows\Sun\Java\bin;C:\windows\system32;C:\windows;C:\Program Files (x86)\Common Files\NetSarang;C:\Windows\system32;C:\Windows;C:\Windows\System32\Wbem;C:\Windows\System32\WindowsPowerShell\v1.0\;C:\Program Files (x86)\NVIDIA Corporation\PhysX\Common;C:\Program Files\TortoiseSVN\bin;C:\HashiCorp\Vagrant\bin;C:\groovy-2.4.5\bin;C:\Program Files\Java\jdk1.7.0_79\bin;.
十二月 07, 2015 5:54:31 下午 org.apache.coyote.AbstractProtocol init
信息: Initializing ProtocolHandler ["http-bio-8080"]
十二月 07, 2015 5:54:31 下午 org.apache.coyote.AbstractProtocol init
信息: Initializing ProtocolHandler ["ajp-bio-8009"]
十二月 07, 2015 5:54:31 下午 org.apache.catalina.startup.Catalina load
信息: Initialization processed in 604 ms
十二月 07, 2015 5:54:31 下午 org.apache.catalina.core.StandardService startInternal
信息: Starting service Catalina
十二月 07, 2015 5:54:31 下午 org.apache.catalina.core.StandardEngine startInternal
信息: Starting Servlet Engine: Apache Tomcat/@VERSION@
十二月 07, 2015 5:54:31 下午 org.apache.catalina.startup.HostConfig deployDirectory
信息: Deploying web application directory E:\tomcat7.0.65\launch\webapps\docs
十二月 07, 2015 5:54:31 下午 org.apache.catalina.startup.TldConfig execute
信息: At least one JAR was scanned for TLDs yet contained no TLDs. Enable debug logging for this logger for a complete list of JARs that were scanned but no TLDs were found in them. Skipping unneeded JARs during scanning can improve startup time and JSP compilation time.
十二月 07, 2015 5:54:31 下午 org.apache.catalina.startup.HostConfig deployDirectory
信息: Deployment of web application directory E:\tomcat7.0.65\launch\webapps\docs has finished in 471 ms
十二月 07, 2015 5:54:31 下午 org.apache.catalina.startup.HostConfig deployDirectory
信息: Deploying web application directory E:\tomcat7.0.65\launch\webapps\examples
十二月 07, 2015 5:54:31 下午 org.apache.catalina.startup.TldConfig execute
信息: At least one JAR was scanned for TLDs yet contained no TLDs. Enable debug logging for this logger for a complete list of JARs that were scanned but no TLDs were found in them. Skipping unneeded JARs during scanning can improve startup time and JSP compilation time.
十二月 07, 2015 5:54:31 下午 org.apache.catalina.startup.HostConfig deployDirectory
信息: Deployment of web application directory E:\tomcat7.0.65\launch\webapps\examples has finished in 296 ms
十二月 07, 2015 5:54:31 下午 org.apache.catalina.startup.HostConfig deployDirectory
信息: Deploying web application directory E:\tomcat7.0.65\launch\webapps\host-manager
十二月 07, 2015 5:54:31 下午 org.apache.catalina.startup.TldConfig execute
信息: At least one JAR was scanned for TLDs yet contained no TLDs. Enable debug logging for this logger for a complete list of JARs that were scanned but no TLDs were found in them. Skipping unneeded JARs during scanning can improve startup time and JSP compilation time.
十二月 07, 2015 5:54:31 下午 org.apache.catalina.startup.HostConfig deployDirectory
信息: Deployment of web application directory E:\tomcat7.0.65\launch\webapps\host-manager has finished in 32 ms
十二月 07, 2015 5:54:31 下午 org.apache.catalina.startup.HostConfig deployDirectory
信息: Deploying web application directory E:\tomcat7.0.65\launch\webapps\manager
十二月 07, 2015 5:54:32 下午 org.apache.catalina.startup.TldConfig execute
信息: At least one JAR was scanned for TLDs yet contained no TLDs. Enable debug logging for this logger for a complete list of JARs that were scanned but no TLDs were found in them. Skipping unneeded JARs during scanning can improve startup time and JSP compilation time.
十二月 07, 2015 5:54:32 下午 org.apache.catalina.startup.HostConfig deployDirectory
信息: Deployment of web application directory E:\tomcat7.0.65\launch\webapps\manager has finished in 27 ms
十二月 07, 2015 5:54:32 下午 org.apache.catalina.startup.HostConfig deployDirectory
信息: Deploying web application directory E:\tomcat7.0.65\launch\webapps\ROOT
十二月 07, 2015 5:54:32 下午 org.apache.catalina.startup.TldConfig execute
信息: At least one JAR was scanned for TLDs yet contained no TLDs. Enable debug logging for this logger for a complete list of JARs that were scanned but no TLDs were found in them. Skipping unneeded JARs during scanning can improve startup time and JSP compilation time.
十二月 07, 2015 5:54:32 下午 org.apache.catalina.startup.HostConfig deployDirectory
信息: Deployment of web application directory E:\tomcat7.0.65\launch\webapps\ROOT has finished in 124 ms
十二月 07, 2015 5:54:32 下午 org.apache.coyote.AbstractProtocol start
信息: Starting ProtocolHandler ["http-bio-8080"]
十二月 07, 2015 5:54:32 下午 org.apache.coyote.AbstractProtocol start
信息: Starting ProtocolHandler ["ajp-bio-8009"]
十二月 07, 2015 5:54:32 下午 org.apache.catalina.startup.Catalina start
信息: Server startup in 988 ms
十二月 07, 2015 6:01:52 下午 org.apache.catalina.startup.VersionLoggerListener log
信息: Server version:        Apache Tomcat/@VERSION@
十二月 07, 2015 6:01:52 下午 org.apache.catalina.startup.VersionLoggerListener log
信息: Server built:          @VERSION_BUILT@
十二月 07, 2015 6:01:52 下午 org.apache.catalina.startup.VersionLoggerListener log
信息: Server number:         @VERSION_NUMBER@
十二月 07, 2015 6:01:52 下午 org.apache.catalina.startup.VersionLoggerListener log
信息: OS Name:               Windows 7
十二月 07, 2015 6:01:52 下午 org.apache.catalina.startup.VersionLoggerListener log
信息: OS Version:            6.1
十二月 07, 2015 6:01:52 下午 org.apache.catalina.startup.VersionLoggerListener log
信息: Architecture:          amd64
十二月 07, 2015 6:01:52 下午 org.apache.catalina.startup.VersionLoggerListener log
信息: Java Home:             C:\Program Files\Java\jre7
十二月 07, 2015 6:01:52 下午 org.apache.catalina.startup.VersionLoggerListener log
信息: JVM Version:           1.7.0_79-b15
十二月 07, 2015 6:01:52 下午 org.apache.catalina.startup.VersionLoggerListener log
信息: JVM Vendor:            Oracle Corporation
十二月 07, 2015 6:01:52 下午 org.apache.catalina.startup.VersionLoggerListener log
信息: CATALINA_BASE:         E:\tomcat7.0.65\launch
十二月 07, 2015 6:01:52 下午 org.apache.catalina.startup.VersionLoggerListener log
信息: CATALINA_HOME:         E:\tomcat7.0.65\launch
十二月 07, 2015 6:01:52 下午 org.apache.catalina.startup.VersionLoggerListener log
信息: Command line argument: -Dcatalina.home=launch
十二月 07, 2015 6:01:52 下午 org.apache.catalina.startup.VersionLoggerListener log
信息: Command line argument: -Dcatalina.base=launch
十二月 07, 2015 6:01:52 下午 org.apache.catalina.startup.VersionLoggerListener log
信息: Command line argument: -Djava.endorsed.dirs=launch/endorsed
十二月 07, 2015 6:01:52 下午 org.apache.catalina.startup.VersionLoggerListener log
信息: Command line argument: -Djava.io.tmpdir=launch/temp
十二月 07, 2015 6:01:52 下午 org.apache.catalina.startup.VersionLoggerListener log
信息: Command line argument: -Djava.util.logging.manager=org.apache.juli.ClassLoaderLogManager
十二月 07, 2015 6:01:52 下午 org.apache.catalina.startup.VersionLoggerListener log
信息: Command line argument: -Djava.util.logging.config.file=launch/conf/logging.properties
十二月 07, 2015 6:01:52 下午 org.apache.catalina.startup.VersionLoggerListener log
信息: Command line argument: -Dfile.encoding=GBK
十二月 07, 2015 6:01:52 下午 org.apache.catalina.core.AprLifecycleListener lifecycleEvent
信息: The APR based Apache Tomcat Native library which allows optimal performance in production environments was not found on the java.library.path: C:\Program Files\Java\jre7\bin;C:\windows\Sun\Java\bin;C:\windows\system32;C:\windows;C:\Program Files (x86)\Common Files\NetSarang;C:\Windows\system32;C:\Windows;C:\Windows\System32\Wbem;C:\Windows\System32\WindowsPowerShell\v1.0\;C:\Program Files (x86)\NVIDIA Corporation\PhysX\Common;C:\Program Files\TortoiseSVN\bin;C:\HashiCorp\Vagrant\bin;C:\groovy-2.4.5\bin;C:\Program Files\Java\jdk1.7.0_79\bin;.
十二月 07, 2015 6:01:52 下午 org.apache.coyote.AbstractProtocol init
信息: Initializing ProtocolHandler ["http-bio-8080"]
十二月 07, 2015 6:01:52 下午 org.apache.coyote.AbstractProtocol init
信息: Initializing ProtocolHandler ["ajp-bio-8009"]
十二月 07, 2015 6:01:52 下午 org.apache.catalina.startup.Catalina load
信息: Initialization processed in 353 ms
十二月 07, 2015 6:01:52 下午 org.apache.catalina.core.StandardService startInternal
信息: Starting service Catalina
十二月 07, 2015 6:01:52 下午 org.apache.catalina.core.StandardEngine startInternal
信息: Starting Servlet Engine: Apache Tomcat/@VERSION@
十二月 07, 2015 6:01:52 下午 org.apache.catalina.startup.HostConfig deployDirectory
信息: Deploying web application directory E:\tomcat7.0.65\launch\webapps\docs
十二月 07, 2015 6:01:53 下午 org.apache.catalina.startup.TldConfig execute
信息: At least one JAR was scanned for TLDs yet contained no TLDs. Enable debug logging for this logger for a complete list of JARs that were scanned but no TLDs were found in them. Skipping unneeded JARs during scanning can improve startup time and JSP compilation time.
十二月 07, 2015 6:01:53 下午 org.apache.catalina.startup.HostConfig deployDirectory
信息: Deployment of web application directory E:\tomcat7.0.65\launch\webapps\docs has finished in 389 ms
十二月 07, 2015 6:01:53 下午 org.apache.catalina.startup.HostConfig deployDirectory
信息: Deploying web application directory E:\tomcat7.0.65\launch\webapps\examples
十二月 07, 2015 6:01:53 下午 org.apache.catalina.startup.TldConfig execute
信息: At least one JAR was scanned for TLDs yet contained no TLDs. Enable debug logging for this logger for a complete list of JARs that were scanned but no TLDs were found in them. Skipping unneeded JARs during scanning can improve startup time and JSP compilation time.
十二月 07, 2015 6:01:53 下午 org.apache.catalina.startup.HostConfig deployDirectory
信息: Deployment of web application directory E:\tomcat7.0.65\launch\webapps\examples has finished in 286 ms
十二月 07, 2015 6:01:53 下午 org.apache.catalina.startup.HostConfig deployDirectory
信息: Deploying web application directory E:\tomcat7.0.65\launch\webapps\host-manager
十二月 07, 2015 6:01:53 下午 org.apache.catalina.startup.TldConfig execute
信息: At least one JAR was scanned for TLDs yet contained no TLDs. Enable debug logging for this logger for a complete list of JARs that were scanned but no TLDs were found in them. Skipping unneeded JARs during scanning can improve startup time and JSP compilation time.
十二月 07, 2015 6:01:53 下午 org.apache.catalina.startup.HostConfig deployDirectory
信息: Deployment of web application directory E:\tomcat7.0.65\launch\webapps\host-manager has finished in 36 ms
十二月 07, 2015 6:01:53 下午 org.apache.catalina.startup.HostConfig deployDirectory
信息: Deploying web application directory E:\tomcat7.0.65\launch\webapps\manager
十二月 07, 2015 6:01:53 下午 org.apache.catalina.startup.TldConfig execute
信息: At least one JAR was scanned for TLDs yet contained no TLDs. Enable debug logging for this logger for a complete list of JARs that were scanned but no TLDs were found in them. Skipping unneeded JARs during scanning can improve startup time and JSP compilation time.
十二月 07, 2015 6:01:53 下午 org.apache.catalina.startup.HostConfig deployDirectory
信息: Deployment of web application directory E:\tomcat7.0.65\launch\webapps\manager has finished in 23 ms
十二月 07, 2015 6:01:53 下午 org.apache.catalina.startup.HostConfig deployDirectory
信息: Deploying web application directory E:\tomcat7.0.65\launch\webapps\ROOT
十二月 07, 2015 6:01:53 下午 org.apache.catalina.startup.TldConfig execute
信息: At least one JAR was scanned for TLDs yet contained no TLDs. Enable debug logging for this logger for a complete list of JARs that were scanned but no TLDs were found in them. Skipping unneeded JARs during scanning can improve startup time and JSP compilation time.
十二月 07, 2015 6:01:53 下午 org.apache.catalina.startup.HostConfig deployDirectory
信息: Deployment of web application directory E:\tomcat7.0.65\launch\webapps\ROOT has finished in 113 ms
十二月 07, 2015 6:01:53 下午 org.apache.coyote.AbstractProtocol start
信息: Starting ProtocolHandler ["http-bio-8080"]
十二月 07, 2015 6:01:53 下午 org.apache.coyote.AbstractProtocol start
信息: Starting ProtocolHandler ["ajp-bio-8009"]
十二月 07, 2015 6:01:53 下午 org.apache.catalina.startup.Catalina start
信息: Server startup in 878 ms
