一月 09, 2016 8:46:35 下午 org.apache.catalina.core.ApplicationContext log
信息: ContextListener: contextInitialized()
一月 09, 2016 8:46:35 下午 org.apache.catalina.core.ApplicationContext log
信息: SessionListener: contextInitialized()
一月 09, 2016 8:46:35 下午 org.apache.catalina.core.ApplicationContext log
信息: ContextListener: attributeAdded('org.apache.jasper.compiler.TldLocationsCache', 'org.apache.jasper.compiler.TldLocationsCache@6e79d110')
一月 09, 2016 9:02:01 下午 org.apache.catalina.core.ApplicationContext log
信息: ContextListener: contextInitialized()
一月 09, 2016 9:02:01 下午 org.apache.catalina.core.ApplicationContext log
信息: SessionListener: contextInitialized()
一月 09, 2016 9:02:01 下午 org.apache.catalina.core.ApplicationContext log
信息: ContextListener: attributeAdded('org.apache.jasper.compiler.TldLocationsCache', 'org.apache.jasper.compiler.TldLocationsCache@51da882e')
一月 09, 2016 9:11:07 下午 org.apache.catalina.core.ApplicationContext log
信息: ContextListener: contextInitialized()
一月 09, 2016 9:11:07 下午 org.apache.catalina.core.ApplicationContext log
信息: SessionListener: contextInitialized()
一月 09, 2016 9:11:07 下午 org.apache.catalina.core.ApplicationContext log
信息: ContextListener: attributeAdded('org.apache.jasper.compiler.TldLocationsCache', 'org.apache.jasper.compiler.TldLocationsCache@2042ae49')
一月 09, 2016 9:12:49 下午 org.apache.catalina.core.ApplicationContext log
信息: ContextListener: contextInitialized()
一月 09, 2016 9:12:49 下午 org.apache.catalina.core.ApplicationContext log
信息: SessionListener: contextInitialized()
一月 09, 2016 9:12:49 下午 org.apache.catalina.core.ApplicationContext log
信息: ContextListener: attributeAdded('org.apache.jasper.compiler.TldLocationsCache', 'org.apache.jasper.compiler.TldLocationsCache@c77b218')
一月 09, 2016 9:15:37 下午 org.apache.catalina.core.ApplicationContext log
信息: ContextListener: contextInitialized()
一月 09, 2016 9:15:37 下午 org.apache.catalina.core.ApplicationContext log
信息: SessionListener: contextInitialized()
一月 09, 2016 9:15:37 下午 org.apache.catalina.core.ApplicationContext log
信息: ContextListener: attributeAdded('org.apache.jasper.compiler.TldLocationsCache', 'org.apache.jasper.compiler.TldLocationsCache@6222adfd')
一月 09, 2016 9:16:24 下午 org.apache.catalina.core.ApplicationContext log
信息: SessionListener: contextDestroyed()
一月 09, 2016 9:16:24 下午 org.apache.catalina.core.ApplicationContext log
信息: ContextListener: contextDestroyed()
一月 09, 2016 9:16:39 下午 org.apache.catalina.core.ApplicationContext log
信息: ContextListener: contextInitialized()
一月 09, 2016 9:16:39 下午 org.apache.catalina.core.ApplicationContext log
信息: SessionListener: contextInitialized()
一月 09, 2016 9:16:39 下午 org.apache.catalina.core.ApplicationContext log
信息: ContextListener: attributeAdded('org.apache.jasper.compiler.TldLocationsCache', 'org.apache.jasper.compiler.TldLocationsCache@626525f5')
一月 09, 2016 9:16:44 下午 org.apache.catalina.core.ApplicationContext log
信息: SessionListener: contextDestroyed()
一月 09, 2016 9:16:44 下午 org.apache.catalina.core.ApplicationContext log
信息: ContextListener: contextDestroyed()
